2024-11-02T16:37:33+09:00 [INFO] [session #1] started
2024-11-02T16:37:33+09:00 [INFO] [session #1] [query #1] executing query ";"
2024-11-02T16:37:33+09:00 [INFO] [session #1] done
2024-11-02T16:37:34+09:00 [INFO] [session #2] started
2024-11-02T16:37:34+09:00 [INFO] [session #2] [query #2] executing query ";"
2024-11-02T16:37:34+09:00 [INFO] [session #2] done
2024-11-02T16:37:35+09:00 [INFO] [session #3] started
2024-11-02T16:37:35+09:00 [INFO] [session #3] [query #3] executing query ";"
2024-11-02T16:37:35+09:00 [INFO] [session #3] done
2024-11-02T16:37:39+09:00 [INFO] [session #4] started
2024-11-02T16:37:39+09:00 [INFO] [session #4] [query #4] executing query ";"
2024-11-02T16:37:39+09:00 [INFO] [session #4] done
2024-11-02T16:37:41+09:00 [INFO] [session #5] started
2024-11-02T16:37:41+09:00 [INFO] [session #5] [query #5] executing query ";"
2024-11-02T16:37:41+09:00 [INFO] [session #5] done
2024-11-02T16:38:01+09:00 [INFO] [session #1] started
2024-11-02T16:38:01+09:00 [INFO] [session #1] [query #1] executing query ";"
2024-11-02T16:38:01+09:00 [INFO] [session #1] done
2024-11-02T16:38:01+09:00 [INFO] [session #2] started
2024-11-02T16:38:01+09:00 [INFO] [session #2] [query #2] executing query ";"
2024-11-02T16:38:01+09:00 [INFO] [session #2] done
2024-11-02T16:38:07+09:00 [INFO] [session #3] started
2024-11-02T16:38:07+09:00 [INFO] [session #3] [query #3] executing query ";"
2024-11-02T16:38:07+09:00 [INFO] [session #3] done
2024-11-02T16:38:07+09:00 [INFO] [session #4] started
2024-11-02T16:38:07+09:00 [INFO] [session #4] [query #4] executing query ";"
2024-11-02T16:38:07+09:00 [INFO] [session #4] done
2024-11-02T16:39:57+09:00 [INFO] [session #1] started
2024-11-02T16:39:57+09:00 [INFO] [session #1] [query #1] executing query ";"
2024-11-02T16:39:57+09:00 [INFO] [session #1] done
2024-11-02T16:39:58+09:00 [INFO] [session #2] started
2024-11-02T16:39:58+09:00 [INFO] [session #2] [query #2] executing query ";"
2024-11-02T16:39:58+09:00 [INFO] [session #2] done
2024-11-02T16:39:59+09:00 [INFO] [session #3] started
2024-11-02T16:39:59+09:00 [INFO] [session #3] [query #3] executing query ";"
2024-11-02T16:39:59+09:00 [INFO] [session #3] done
2024-11-02T16:46:51+09:00 [INFO] [session #4] started
2024-11-02T16:46:52+09:00 [INFO] [session #4] [query #4] executing query "select 1"
2024-11-02T16:46:52+09:00 [INFO] [session #4] [query #4] query done, elapsed = 5.05ms
2024-11-02T16:46:52+09:00 [INFO] [session #4] done
2024-11-02T16:47:06+09:00 [INFO] [session #5] started
2024-11-02T16:47:06+09:00 [INFO] [session #5] [query #5] executing query "select 10"
2024-11-02T16:47:06+09:00 [INFO] [session #5] [query #5] query done, elapsed = 0.45ms
2024-11-02T16:47:06+09:00 [INFO] [session #5] done
2024-11-02T16:49:39+09:00 [INFO] [session #6] started
2024-11-02T16:49:39+09:00 [INFO] [session #6] [query #6] executing query ";"
2024-11-02T16:49:39+09:00 [INFO] [session #6] done
2024-11-02T16:49:58+09:00 [INFO] [session #7] started
2024-11-02T16:49:58+09:00 [INFO] [session #7] [query #7] executing query ";"
2024-11-02T16:49:59+09:00 [INFO] [session #7] done
2024-11-02T16:50:37+09:00 [INFO] [session #8] started
2024-11-02T16:50:37+09:00 [INFO] [session #8] [query #8] executing query "select 10"
2024-11-02T16:50:37+09:00 [INFO] [session #8] [query #8] query done, elapsed = 0.41ms
2024-11-02T16:50:37+09:00 [INFO] [session #8] done
2024-11-02T17:06:17+09:00 [INFO] [session #1] started
2024-11-02T17:06:17+09:00 [INFO] [session #1] [query #1] executing query ";"
2024-11-02T17:06:17+09:00 [INFO] [session #1] done
2024-11-02T17:06:18+09:00 [INFO] [session #2] started
2024-11-02T17:06:18+09:00 [INFO] [session #2] [query #2] executing query ";"
2024-11-02T17:06:18+09:00 [INFO] [session #2] done
2024-11-02T20:02:15+09:00 [INFO] [session #1] started
2024-11-02T20:02:15+09:00 [INFO] [session #1] [query #1] executing query "select 1"
2024-11-02T20:02:15+09:00 [INFO] [session #1] [query #1] query done, elapsed = 4.37ms
2024-11-02T20:02:15+09:00 [INFO] [session #1] done
2024-11-02T20:09:28+09:00 [INFO] [session #2] started
2024-11-02T20:09:28+09:00 [INFO] [session #2] [query #2] executing query "select 1"
2024-11-02T20:09:28+09:00 [INFO] [session #2] [query #2] query done, elapsed = 0.44ms
2024-11-02T20:09:28+09:00 [INFO] [session #2] done
2024-11-02T20:10:28+09:00 [INFO] [session #3] started
2024-11-02T20:10:28+09:00 [INFO] [session #3] [query #3] executing query ";"
2024-11-02T20:10:28+09:00 [INFO] [session #3] done
2024-11-02T20:14:07+09:00 [INFO] [session #4] started
2024-11-02T20:14:39+09:00 [ERROR] set_promise failed: End of file
2024-11-02T20:18:31+09:00 [INFO] [session #5] started
2024-11-02T20:18:31+09:00 [INFO] [session #5] [query #4] executing query "select version()"
2024-11-02T20:18:31+09:00 [INFO] [session #5] [query #4] query done, elapsed = 0.5ms
2024-11-02T20:18:31+09:00 [INFO] [session #5] done
2024-11-02T20:19:32+09:00 [INFO] [session #6] started
2024-11-02T20:19:32+09:00 [INFO] [session #6] [query #5] executing query ";"
2024-11-02T20:19:32+09:00 [INFO] [session #6] done
2024-11-02T20:19:33+09:00 [INFO] [session #7] started
2024-11-02T20:19:33+09:00 [INFO] [session #7] [query #6] executing query ";"
2024-11-02T20:19:33+09:00 [INFO] [session #7] done
2024-11-02T20:19:34+09:00 [INFO] [session #8] started
2024-11-02T20:19:34+09:00 [INFO] [session #8] [query #7] executing query ";"
2024-11-02T20:19:34+09:00 [INFO] [session #8] done
